[handleMsg]:  {
  key: {
    remoteJid: '5219931894332@s.whatsapp.net',
    fromMe: false,
    id: '3FEDA8AC381E38AF9B7F',
    participant: undefined
  },
  messageTimestamp: 1732744809,
  pushName: 'Eduardo Zepeda',
  broadcast: false,
  message: Message {
    extendedTextMessage: ExtendedTextMessage { text: 'Hola', contextInfo: [ContextInfo] },
    messageContextInfo: MessageContextInfo {
      deviceListMetadata: [DeviceListMetadata],
      deviceListMetadataVersion: 2
    }
  },
  body: 'Hola',
  from: '5219931894332'
}
[QUEUE_SE_ENVIO]:  {
  ref: 'ans_49efe6be-2be9-4cf5-9788-f4fdd5a0ab62',
  keyword: 'key_682529a8-5f96-47a0-b83e-543cb22db11e',
  answer: 'Bienvenido al ChatBot de TI',
  options: {
    media: null,
    buttons: [],
    capture: false,
    child: null,
    delay: 0,
    idle: null,
    ref: null,
    nested: [],
    keyword: {},
    callback: false
  },
  refSerialize: '2e0fcd763a389b7b6f6781d75e0ed0d9'
}
[QUEUE_SE_ENVIO]:  {
  ref: 'ans_9b3b8da5-6a51-415e-97a9-61e8e3f2fd83',
  keyword: 'ans_49efe6be-2be9-4cf5-9788-f4fdd5a0ab62',
  answer: 'En que te puedo ayudar:\n' +
    '*1*.-Contactos de TI\n' +
    '*2*.-Enlaces de TI\n' +
    '*3*.-Correo corporativo\n' +
    '*4*.-Tickets\n' +
    '*5*.-Nextcloud\n' +
    '*6*.-Portal de requisiciones',
  options: {
    media: null,
    buttons: [],
    capture: false,
    child: null,
    delay: 0,
    idle: null,
    ref: null,
    nested: [
      [Object], [Object], [Object],
      [Object], [Object], [Object],
      [Object], [Object], [Object],
      [Object], [Object], [Object],
      [Object], [Object], [Object],
      [Object], [Object], [Object],
      [Object], [Object]
    ],
    keyword: {},
    callback: false
  },
  refSerialize: '05deaeeb37f7aaf74fb4f94add95cce5'
}
[handleMsg]:  {
  key: {
    remoteJid: '5219931894332@s.whatsapp.net',
    fromMe: false,
    id: '3F073C24ABC2AA7A2BF5',
    participant: undefined
  },
  messageTimestamp: 1732744812,
  pushName: 'Eduardo Zepeda',
  broadcast: false,
  message: Message {
    extendedTextMessage: ExtendedTextMessage { text: '2', contextInfo: [ContextInfo] },
    messageContextInfo: MessageContextInfo {
      deviceListMetadata: [DeviceListMetadata],
      deviceListMetadataVersion: 2
    }
  },
  body: '2',
  from: '5219931894332'
}
[QUEUE_SE_ENVIO]:  {
  ref: 'ans_0655abaa-8fd6-4e04-bbf0-7af45d718c76',
  keyword: 'key_fb392a6b-c285-4b4e-a0db-82d369ca4db1',
  answer: ' *TICKETS* https://helpdesk.grupolamat.com',
  options: {
    media: 'https://nextcloud3.grupolamat.com.mx/core/preview?fileId=2437403&x=1920&y=1080&a=true&etag=127d10aa7cede3d5bf21389f9e30930b',
    buttons: [],
    capture: false,
    child: null,
    delay: 0,
    idle: null,
    ref: null,
    nested: [],
    keyword: {},
    callback: false
  },
  refSerialize: '6f13dbff66ccb42f854ace06995f4060'
}
[QUEUE_SE_ENVIO]:  {
  ref: 'ans_2b5bea6e-21cd-4abd-96ab-4cd7f6c84f3e',
  keyword: 'ans_0655abaa-8fd6-4e04-bbf0-7af45d718c76',
  answer: ' *CORREO* https://grupolamat.com.mx',
  options: {
    media: 'https://images.vexels.com/media/users/3/136340/isolated/preview/74ac661d8216442ae469efb39c9584dc-icono-de-mensaje-de-correo.png',
    buttons: [],
    capture: false,
    child: null,
    delay: 0,
    idle: null,
    ref: null,
    nested: [],
    keyword: {},
    callback: false
  },
  refSerialize: '3fc9cf19842242bf92a332477646c4b2'
}
[QUEUE_SE_ENVIO]:  {
  ref: 'ans_f68c0462-83f5-4f24-b7cd-151ed19c9bb5',
  keyword: 'ans_2b5bea6e-21cd-4abd-96ab-4cd7f6c84f3e',
  answer: ' *PORTAL DE REQUSICIONES* https://sao.grupolamat.com.mx',
  options: {
    media: 'https://www.manageengine.com/products/service-desk/help-desk-software/images/what-is-a-support-ticket-system.png',
    buttons: [],
    capture: false,
    child: null,
    delay: 0,
    idle: null,
    ref: null,
    nested: [],
    keyword: {},
    callback: false
  },
  refSerialize: '8239c06f69ea76bc122b3c73a3c9037a'
}
[QUEUE_SE_ENVIO]:  {
  ref: 'ans_658f282c-48ff-441c-9b16-5fd9e9c87c66',
  keyword: 'ans_f68c0462-83f5-4f24-b7cd-151ed19c9bb5',
  answer: 'Para regresar al menu, escribe *Menu*',
  options: {
    media: null,
    buttons: [],
    capture: false,
    child: null,
    delay: 0,
    idle: null,
    ref: null,
    nested: [],
    keyword: {},
    callback: false
  },
  refSerialize: 'a695cae65d74fd4b162a2c30814eb2cb'
}
